This file contains any messages produced by compilers while
running configure, to aid debugging if configure makes a mistake.

It was created by x11perf configure 1.4.1, which was
generated by GNU Autoconf 2.59.  Invocation command line was

  $ ./configure 

## --------- ##
## Platform. ##
## --------- ##

hostname = test
uname -m = x86_64
uname -r = 4.4.0-18
uname -s = Linux
uname -v = #1 SMP Mon Jan 4 10:42:37 CST 2016

/usr/bin/uname -p = unknown
/bin/uname -X     = unknown

/bin/arch              = unknown
/usr/bin/arch -k       = unknown
/usr/convex/getsysinfo = unknown
hostinfo               = unknown
/bin/machine           = unknown
/usr/bin/oslevel       = unknown
/bin/universe          = unknown

PATH: /usr/lib/ccache
PATH: /bin
PATH: /usr/bin
PATH: /usr/local/bin
PATH: /usr/local/sbin
PATH: /usr/sbin
PATH: /usr/lib/qt5/bin
PATH: /usr/lib/qt5/bin
PATH: /home/test/bin
PATH: /usr/lib/qt5/bin
PATH: /usr/lib/qt5/bin


## ----------- ##
## Core tests. ##
## ----------- ##

configure:1370: checking for a BSD-compatible install
configure:1425: result: /bin/install -c
configure:1436: checking whether build environment is sane
configure:1479: result: yes
configure:1512: checking for gawk
configure:1528: found /bin/gawk
configure:1538: result: gawk
configure:1548: checking whether make sets $(MAKE)
configure:1568: result: yes
configure:1732: checking whether to enable maintainer-specific portions of Makefiles
configure:1741: result: no
configure:1806: checking for gcc
configure:1822: found /usr/lib/ccache/gcc
configure:1832: result: gcc
configure:2076: checking for C compiler version
configure:2079: gcc --version </dev/null >&5
gcc (GCC) 5.3.0 20151204 (iSoft 5.3.0-12)
Copyright (C) 2015 Free Software Foundation, Inc.
This is free software; see the source for copying conditions.  There is NO
warranty; not even for MERCHANTABILITY or FITNESS FOR A PARTICULAR PURPOSE.

configure:2082: $? = 0
configure:2084: gcc -v </dev/null >&5
Using built-in specs.
COLLECT_GCC=/bin/gcc
COLLECT_LTO_WRAPPER=/usr/libexec/gcc/x86_64-isoft-linux/5.3.0/lto-wrapper
Target: x86_64-isoft-linux
Configured with: ../configure --target=x86_64-isoft-linux --host=x86_64-isoft-linux --build=x86_64-isoft-linux --with-cpu=generic --prefix=/usr --enable-bootstrap --enable-shared --enable-threads=posix --enable-checking=release --enable-languages=c,c++,lto,go,fortran --enable-plugin --enable-initfini-array --enable-gnu-unique-object --enable-linker-build-id --with-linker-hash-style=gnu --enable-__cxa_atexit --enable-gnu-indirect-function --enable-c99 --enable-long-long --enable-libgomp --enable-lto --enable-libsanitizer --enable-libatomic --enable-libquadmath --enable-libitm --enable-libcilkrts --enable-libmpx --enable-symvers --disable-libstdcxx-pch --disable-multilib --disable-libunwind-exceptions
Thread model: posix
gcc version 5.3.0 20151204 (iSoft 5.3.0-12) (GCC) 
configure:2087: $? = 0
configure:2089: gcc -V </dev/null >&5
gcc: error: unrecognized command line option '-V'
gcc: fatal error: no input files
compilation terminated.
configure:2092: $? = 1
configure:2115: checking for C compiler default output file name
configure:2118: gcc    conftest.c  >&5
configure:2121: $? = 0
configure:2167: result: a.out
configure:2172: checking whether the C compiler works
configure:2178: ./a.out
configure:2181: $? = 0
configure:2198: result: yes
configure:2205: checking whether we are cross compiling
configure:2207: result: no
configure:2210: checking for suffix of executables
configure:2212: gcc -o conftest    conftest.c  >&5
configure:2215: $? = 0
configure:2240: result: 
configure:2246: checking for suffix of object files
configure:2267: gcc -c   conftest.c >&5
configure:2270: $? = 0
configure:2292: result: o
configure:2296: checking whether we are using the GNU C compiler
configure:2320: gcc -c   conftest.c >&5
configure:2326: $? = 0
configure:2330: test -z 
			 || test ! -s conftest.err
configure:2333: $? = 0
configure:2336: test -s conftest.o
configure:2339: $? = 0
configure:2352: result: yes
configure:2358: checking whether gcc accepts -g
configure:2379: gcc -c -g  conftest.c >&5
configure:2385: $? = 0
configure:2389: test -z 
			 || test ! -s conftest.err
configure:2392: $? = 0
configure:2395: test -s conftest.o
configure:2398: $? = 0
configure:2409: result: yes
configure:2426: checking for gcc option to accept ANSI C
configure:2496: gcc  -c -g -O2  conftest.c >&5
configure:2502: $? = 0
configure:2506: test -z 
			 || test ! -s conftest.err
configure:2509: $? = 0
configure:2512: test -s conftest.o
configure:2515: $? = 0
configure:2533: result: none needed
configure:2551: gcc -c -g -O2  conftest.c >&5
conftest.c:2:3: error: unknown type name 'choke'
   choke me
   ^
conftest.c:2:3: error: expected '=', ',', ';', 'asm' or '__attribute__' at end of input
configure:2557: $? = 1
configure: failed program was:
| #ifndef __cplusplus
|   choke me
| #endif
configure:2701: checking for style of include used by make
configure:2729: result: GNU
configure:2757: checking dependency style of gcc
configure:2840: result: gcc3
configure:2870: checking for a BSD-compatible install
configure:2925: result: /bin/install -c
configure:2939: checking for sed
configure:2957: found /bin/sed
configure:2969: result: /bin/sed
configure:2983: checking return type of signal handlers
configure:3014: gcc -c -g -O2  conftest.c >&5
configure:3020: $? = 0
configure:3024: test -z 
			 || test ! -s conftest.err
configure:3027: $? = 0
configure:3030: test -s conftest.o
configure:3033: $? = 0
configure:3044: result: void
configure:3102: checking for pkg-config
configure:3120: found /bin/pkg-config
configure:3132: result: /bin/pkg-config
configure:3147: checking pkg-config is at least version 0.9.0
configure:3150: result: yes
configure:3161: checking for X11PERF
configure:3166: $PKG_CONFIG --exists --print-errors "x11 xmuu"
configure:3169: $? = 0
configure:3180: $PKG_CONFIG --exists --print-errors "x11 xmuu"
configure:3183: $? = 0
configure:3238: result: yes
configure:3248: checking for XRENDER
configure:3253: $PKG_CONFIG --exists --print-errors "xrender"
configure:3256: $? = 0
configure:3267: $PKG_CONFIG --exists --print-errors "xrender"
configure:3270: $? = 0
configure:3291: result: yes
configure:3310: checking for XFT
configure:3315: $PKG_CONFIG --exists --print-errors "xft"
configure:3318: $? = 0
configure:3329: $PKG_CONFIG --exists --print-errors "xft"
configure:3332: $? = 0
configure:3353: result: yes
configure:3372: checking for XEXT
configure:3377: $PKG_CONFIG --exists --print-errors "xext"
configure:3380: $? = 0
configure:3391: $PKG_CONFIG --exists --print-errors "xext"
configure:3394: $? = 0
configure:3415: result: yes
configure:3429: checking for XShmQueryExtension
configure:3486: gcc -o conftest -g -O2   conftest.c -lXext  >&5
configure:3492: $? = 0
configure:3496: test -z 
			 || test ! -s conftest.err
configure:3499: $? = 0
configure:3502: test -s conftest
configure:3505: $? = 0
configure:3517: result: yes
configure:3541: checking build system type
configure:3559: result: x86_64-unknown-linux-gnu
configure:3567: checking host system type
configure:3581: result: x86_64-unknown-linux-gnu
configure:3822: creating ./config.status

## ---------------------- ##
## Running config.status. ##
## ---------------------- ##

This file was extended by x11perf config.status 1.4.1, which was
generated by GNU Autoconf 2.59.  Invocation command line was

  CONFIG_FILES    = 
  CONFIG_HEADERS  = 
  CONFIG_LINKS    = 
  CONFIG_COMMANDS = 
  $ ./config.status 

on test

config.status:718: creating Makefile
config.status:822: creating config.h
config.status:918: config.h is unchanged
config.status:1098: executing depfiles commands

## ---------------- ##
## Cache variables. ##
## ---------------- ##

ac_cv_build=x86_64-unknown-linux-gnu
ac_cv_build_alias=x86_64-unknown-linux-gnu
ac_cv_c_compiler_gnu=yes
ac_cv_env_CC_set=
ac_cv_env_CC_value=
ac_cv_env_CFLAGS_set=
ac_cv_env_CFLAGS_value=
ac_cv_env_CPPFLAGS_set=
ac_cv_env_CPPFLAGS_value=
ac_cv_env_LDFLAGS_set=
ac_cv_env_LDFLAGS_value=
ac_cv_env_PKG_CONFIG_set=
ac_cv_env_PKG_CONFIG_value=
ac_cv_env_X11PERF_CFLAGS_set=
ac_cv_env_X11PERF_CFLAGS_value=
ac_cv_env_X11PERF_LIBS_set=
ac_cv_env_X11PERF_LIBS_value=
ac_cv_env_XEXT_CFLAGS_set=
ac_cv_env_XEXT_CFLAGS_value=
ac_cv_env_XEXT_LIBS_set=
ac_cv_env_XEXT_LIBS_value=
ac_cv_env_XFT_CFLAGS_set=
ac_cv_env_XFT_CFLAGS_value=
ac_cv_env_XFT_LIBS_set=
ac_cv_env_XFT_LIBS_value=
ac_cv_env_XRENDER_CFLAGS_set=
ac_cv_env_XRENDER_CFLAGS_value=
ac_cv_env_XRENDER_LIBS_set=
ac_cv_env_XRENDER_LIBS_value=
ac_cv_env_build_alias_set=
ac_cv_env_build_alias_value=
ac_cv_env_host_alias_set=
ac_cv_env_host_alias_value=
ac_cv_env_target_alias_set=
ac_cv_env_target_alias_value=
ac_cv_exeext=
ac_cv_func_XShmQueryExtension=yes
ac_cv_host=x86_64-unknown-linux-gnu
ac_cv_host_alias=x86_64-unknown-linux-gnu
ac_cv_objext=o
ac_cv_path_SED=/bin/sed
ac_cv_path_ac_pt_PKG_CONFIG=/bin/pkg-config
ac_cv_path_install='/bin/install -c'
ac_cv_prog_AWK=gawk
ac_cv_prog_ac_ct_CC=gcc
ac_cv_prog_cc_g=yes
ac_cv_prog_cc_stdc=
ac_cv_prog_make_make_set=yes
ac_cv_type_signal=void
am_cv_CC_dependencies_compiler_type=gcc3
pkg_cv_X11PERF_CFLAGS=
pkg_cv_X11PERF_LIBS='-lXmuu -lX11'
pkg_cv_XEXT_CFLAGS=
pkg_cv_XEXT_LIBS=-lXext
pkg_cv_XFT_CFLAGS='-I/usr/include/freetype2 -I/usr/include/libpng16'
pkg_cv_XFT_LIBS=-lXft
pkg_cv_XRENDER_CFLAGS=
pkg_cv_XRENDER_LIBS='-lXrender -lX11'

## ----------------- ##
## Output variables. ##
## ----------------- ##

ACLOCAL='${SHELL} /root/autotest-desktop/client/x11perf-1.4.1/missing --run aclocal-1.7'
ADMIN_MAN_DIR='$(mandir)/man$(ADMIN_MAN_SUFFIX)'
ADMIN_MAN_SUFFIX='8'
AMDEPBACKSLASH='\'
AMDEP_FALSE='#'
AMDEP_TRUE=''
AMTAR='${SHELL} /root/autotest-desktop/client/x11perf-1.4.1/missing --run tar'
APP_MAN_DIR='$(mandir)/man1'
APP_MAN_SUFFIX='1x'
AUTOCONF='${SHELL} /root/autotest-desktop/client/x11perf-1.4.1/missing --run autoconf'
AUTOHEADER='${SHELL} /root/autotest-desktop/client/x11perf-1.4.1/missing --run autoheader'
AUTOMAKE='${SHELL} /root/autotest-desktop/client/x11perf-1.4.1/missing --run automake-1.7'
AWK='gawk'
CC='gcc'
CCDEPMODE='depmode=gcc3'
CFLAGS='-g -O2'
CPPFLAGS=''
CYGPATH_W='echo'
DEFS='-DHAVE_CONFIG_H'
DEPDIR='.deps'
DRIVER_MAN_DIR='$(mandir)/man$(DRIVER_MAN_SUFFIX)'
DRIVER_MAN_SUFFIX='4'
ECHO_C=''
ECHO_N='-n'
ECHO_T=''
EXEEXT=''
FILE_MAN_DIR='$(mandir)/man5'
FILE_MAN_SUFFIX='5x'
INSTALL_DATA='${INSTALL} -m 644'
INSTALL_PROGRAM='${INSTALL}'
INSTALL_SCRIPT='${INSTALL}'
INSTALL_STRIP_PROGRAM='${SHELL} $(install_sh) -c -s'
LDFLAGS=''
LIBOBJS=''
LIBS=''
LIB_MAN_DIR='$(mandir)/man3'
LIB_MAN_SUFFIX='3x'
LTLIBOBJS=''
MAINT='#'
MAINTAINER_MODE_FALSE=''
MAINTAINER_MODE_TRUE='#'
MAKEINFO='${SHELL} /root/autotest-desktop/client/x11perf-1.4.1/missing --run makeinfo'
MISC_MAN_DIR='$(mandir)/man$(MISC_MAN_SUFFIX)'
MISC_MAN_SUFFIX='7'
OBJEXT='o'
PACKAGE='x11perf'
PACKAGE_BUGREPORT='https://bugs.freedesktop.org/enter_bug.cgi?product=xorg'
PACKAGE_NAME='x11perf'
PACKAGE_STRING='x11perf 1.4.1'
PACKAGE_TARNAME='x11perf'
PACKAGE_VERSION='1.4.1'
PATH_SEPARATOR=':'
PKG_CONFIG='/bin/pkg-config'
SED='/bin/sed'
SET_MAKE=''
SHELL='/bin/sh'
STRIP=''
VERSION='1.4.1'
X11PERF_CFLAGS=''
X11PERF_LIBS='-lXmuu -lX11'
XEXT_CFLAGS=''
XEXT_LIBS='-lXext'
XFT_CFLAGS='-I/usr/include/freetype2 -I/usr/include/libpng16'
XFT_LIBS='-lXft'
XRENDER_CFLAGS=''
XRENDER_LIBS='-lXrender -lX11'
ac_ct_CC='gcc'
ac_ct_STRIP=''
ac_pt_PKG_CONFIG='/bin/pkg-config'
am__fastdepCC_FALSE='#'
am__fastdepCC_TRUE=''
am__include='include'
am__leading_dot='.'
am__quote=''
bindir='${exec_prefix}/bin'
build='x86_64-unknown-linux-gnu'
build_alias=''
build_cpu='x86_64'
build_os='linux-gnu'
build_vendor='unknown'
datadir='${prefix}/share'
exec_prefix='${prefix}'
host='x86_64-unknown-linux-gnu'
host_alias=''
host_cpu='x86_64'
host_os='linux-gnu'
host_vendor='unknown'
includedir='${prefix}/include'
infodir='${prefix}/info'
install_sh='/root/autotest-desktop/client/x11perf-1.4.1/install-sh'
libdir='${exec_prefix}/lib'
libexecdir='${exec_prefix}/libexec'
localstatedir='${prefix}/var'
mandir='${prefix}/man'
oldincludedir='/usr/include'
prefix='/usr/local'
program_transform_name='s,x,x,'
sbindir='${exec_prefix}/sbin'
sharedstatedir='${prefix}/com'
sysconfdir='${prefix}/etc'
target_alias=''

## ----------- ##
## confdefs.h. ##
## ----------- ##

#define HAVE_XSHMQUERYEXTENSION 1
#define MITSHM 1
#define PACKAGE "x11perf"
#define PACKAGE_BUGREPORT "https://bugs.freedesktop.org/enter_bug.cgi?product=xorg"
#define PACKAGE_NAME "x11perf"
#define PACKAGE_STRING "x11perf 1.4.1"
#define PACKAGE_TARNAME "x11perf"
#define PACKAGE_VERSION "1.4.1"
#define RETSIGTYPE void
#define VERSION "1.4.1"
#define XFT 1
#define XRENDER 1

configure: exit 0
